
*** Running vivado
    with args -log TwoFourDecoder.vds -m64 -product Vivado -mode batch -messageDb vivado.pb -notrace -source TwoFourDecoder.tcl


****** Vivado v2018.1 (64-bit)
  **** SW Build 2188600 on Wed Apr  4 18:39:19 MDT 2018
  **** IP Build 2185939 on Wed Apr  4 20:55:05 MDT 2018
    ** Copyright 1986-2018 Xilinx, Inc. All Rights Reserved.

source TwoFourDecoder.tcl -notrace
Command: synth_design -top TwoFourDecoder -part xc7z014sclg484-1
Starting synth_design
Attempting to get a license for feature 'Synthesis' and/or device 'xc7z014s'
INFO: [Common 17-349] Got license for feature 'Synthesis' and/or device 'xc7z014s'
INFO: Launching helper process for spawning children vivado processes
INFO: Helper process launched with PID 18237 
---------------------------------------------------------------------------------
Starting Synthesize : Time (s): cpu = 00:00:06 ; elapsed = 00:00:07 . Memory (MB): peak = 1388.914 ; gain = 86.930 ; free physical = 3822 ; free virtual = 13216
---------------------------------------------------------------------------------
INFO: [Synth 8-6157] synthesizing module 'TwoFourDecoder' [/home/Xilinx/Vivado/2018.1/bin/2_to_4_Decoder/2_to_4_Decoder.srcs/sources_1/new/TwoFourDecoder.v:23]
INFO: [Synth 8-6155] done synthesizing module 'TwoFourDecoder' (1#1) [/home/Xilinx/Vivado/2018.1/bin/2_to_4_Decoder/2_to_4_Decoder.srcs/sources_1/new/TwoFourDecoder.v:23]
---------------------------------------------------------------------------------
Finished Synthesize : Time (s): cpu = 00:00:07 ; elapsed = 00:00:08 . Memory (MB): peak = 1433.531 ; gain = 131.547 ; free physical = 3835 ; free virtual = 13229
---------------------------------------------------------------------------------
---------------------------------------------------------------------------------
Finished Constraint Validation : Time (s): cpu = 00:00:07 ; elapsed = 00:00:08 . Memory (MB): peak = 1433.531 ; gain = 131.547 ; free physical = 3834 ; free virtual = 13228
---------------------------------------------------------------------------------
---------------------------------------------------------------------------------
Start Loading Part and Timing Information
---------------------------------------------------------------------------------
Loading part: xc7z014sclg484-1
---------------------------------------------------------------------------------
Finished Loading Part and Timing Information : Time (s): cpu = 00:00:07 ; elapsed = 00:00:08 . Memory (MB): peak = 1443.531 ; gain = 141.547 ; free physical = 3834 ; free virtual = 13228
---------------------------------------------------------------------------------
INFO: [Device 21-403] Loading part xc7z014sclg484-1
---------------------------------------------------------------------------------
Finished RTL Optimization Phase 2 : Time (s): cpu = 00:00:07 ; elapsed = 00:00:08 . Memory (MB): peak = 1451.543 ; gain = 149.559 ; free physical = 3825 ; free virtual = 13219
---------------------------------------------------------------------------------

Report RTL Partitions: 
+-+--------------+------------+----------+
| |RTL Partition |Replication |Instances |
+-+--------------+------------+----------+
+-+--------------+------------+----------+
No constraint files found.
---------------------------------------------------------------------------------
Start RTL Component Statistics 
---------------------------------------------------------------------------------
Detailed RTL Component Info : 
+---Muxes : 
	   5 Input      4 Bit        Muxes := 1     
---------------------------------------------------------------------------------
Finished RTL Component Statistics 
---------------------------------------------------------------------------------
---------------------------------------------------------------------------------
Start RTL Hierarchical Component Statistics 
---------------------------------------------------------------------------------
Hierarchical RTL Component report 
Module TwoFourDecoder 
Detailed RTL Component Info : 
+---Muxes : 
	   5 Input      4 Bit        Muxes := 1     
---------------------------------------------------------------------------------
Finished RTL Hierarchical Component Statistics
---------------------------------------------------------------------------------
---------------------------------------------------------------------------------
Start Part Resource Summary
---------------------------------------------------------------------------------
Part Resources:
DSPs: 170 (col length:60)
BRAMs: 214 (col length: RAMB18 60 RAMB36 30)
---------------------------------------------------------------------------------
Finished Part Resource Summary
---------------------------------------------------------------------------------
No constraint files found.
---------------------------------------------------------------------------------
Start Cross Boundary and Area Optimization
---------------------------------------------------------------------------------
Warning: Parallel synthesis criteria is not met 
---------------------------------------------------------------------------------
Finished Cross Boundary and Area Optimization : Time (s): cpu = 00:00:15 ; elapsed = 00:00:44 . Memory (MB): peak = 1581.520 ; gain = 279.535 ; free physical = 3653 ; free virtual = 13049
---------------------------------------------------------------------------------

Report RTL Partitions: 
+-+--------------+------------+----------+
| |RTL Partition |Replication |Instances |
+-+--------------+------------+----------+
+-+--------------+------------+----------+
No constraint files found.
---------------------------------------------------------------------------------
Start Timing Optimization
---------------------------------------------------------------------------------
---------------------------------------------------------------------------------
Finished Timing Optimization : Time (s): cpu = 00:00:15 ; elapsed = 00:00:44 . Memory (MB): peak = 1581.523 ; gain = 279.539 ; free physical = 3653 ; free virtual = 13049
---------------------------------------------------------------------------------

Report RTL Partitions: 
+-+--------------+------------+----------+
| |RTL Partition |Replication |Instances |
+-+--------------+------------+----------+
+-+--------------+------------+----------+
---------------------------------------------------------------------------------
Start Technology Mapping
---------------------------------------------------------------------------------
---------------------------------------------------------------------------------
Finished Technology Mapping : Time (s): cpu = 00:00:15 ; elapsed = 00:00:44 . Memory (MB): peak = 1581.523 ; gain = 279.539 ; free physical = 3653 ; free virtual = 13049
---------------------------------------------------------------------------------

Report RTL Partitions: 
+-+--------------+------------+----------+
| |RTL Partition |Replication |Instances |
+-+--------------+------------+----------+
+-+--------------+------------+----------+
---------------------------------------------------------------------------------
Start IO Insertion
---------------------------------------------------------------------------------
---------------------------------------------------------------------------------
Start Flattening Before IO Insertion
---------------------------------------------------------------------------------
---------------------------------------------------------------------------------
Finished Flattening Before IO Insertion
---------------------------------------------------------------------------------
---------------------------------------------------------------------------------
Start Final Netlist Cleanup
---------------------------------------------------------------------------------
---------------------------------------------------------------------------------
Finished Final Netlist Cleanup
---------------------------------------------------------------------------------
---------------------------------------------------------------------------------
Finished IO Insertion : Time (s): cpu = 00:00:15 ; elapsed = 00:00:45 . Memory (MB): peak = 1581.523 ; gain = 279.539 ; free physical = 3653 ; free virtual = 13048
---------------------------------------------------------------------------------

Report Check Netlist: 
+------+------------------+-------+---------+-------+------------------+
|      |Item              |Errors |Warnings |Status |Description       |
+------+------------------+-------+---------+-------+------------------+
|1     |multi_driven_nets |      0|        0|Passed |Multi driven nets |
+------+------------------+-------+---------+-------+------------------+
---------------------------------------------------------------------------------
Start Renaming Generated Instances
---------------------------------------------------------------------------------
---------------------------------------------------------------------------------
Finished Renaming Generated Instances : Time (s): cpu = 00:00:15 ; elapsed = 00:00:45 . Memory (MB): peak = 1581.523 ; gain = 279.539 ; free physical = 3653 ; free virtual = 13048
---------------------------------------------------------------------------------

Report RTL Partitions: 
+-+--------------+------------+----------+
| |RTL Partition |Replication |Instances |
+-+--------------+------------+----------+
+-+--------------+------------+----------+
---------------------------------------------------------------------------------
Start Rebuilding User Hierarchy
---------------------------------------------------------------------------------
---------------------------------------------------------------------------------
Finished Rebuilding User Hierarchy : Time (s): cpu = 00:00:15 ; elapsed = 00:00:45 . Memory (MB): peak = 1581.523 ; gain = 279.539 ; free physical = 3653 ; free virtual = 13048
---------------------------------------------------------------------------------
---------------------------------------------------------------------------------
Start Renaming Generated Ports
---------------------------------------------------------------------------------
---------------------------------------------------------------------------------
Finished Renaming Generated Ports : Time (s): cpu = 00:00:15 ; elapsed = 00:00:45 . Memory (MB): peak = 1581.523 ; gain = 279.539 ; free physical = 3653 ; free virtual = 13048
---------------------------------------------------------------------------------
---------------------------------------------------------------------------------
Start Handling Custom Attributes
---------------------------------------------------------------------------------
---------------------------------------------------------------------------------
Finished Handling Custom Attributes : Time (s): cpu = 00:00:15 ; elapsed = 00:00:45 . Memory (MB): peak = 1581.523 ; gain = 279.539 ; free physical = 3653 ; free virtual = 13048
---------------------------------------------------------------------------------
---------------------------------------------------------------------------------
Start Renaming Generated Nets
---------------------------------------------------------------------------------
---------------------------------------------------------------------------------
Finished Renaming Generated Nets : Time (s): cpu = 00:00:15 ; elapsed = 00:00:45 . Memory (MB): peak = 1581.523 ; gain = 279.539 ; free physical = 3653 ; free virtual = 13048
---------------------------------------------------------------------------------
---------------------------------------------------------------------------------
Start Writing Synthesis Report
---------------------------------------------------------------------------------

Report BlackBoxes: 
+-+--------------+----------+
| |BlackBox name |Instances |
+-+--------------+----------+
+-+--------------+----------+

Report Cell Usage: 
+------+-----+------+
|      |Cell |Count |
+------+-----+------+
|1     |LUT3 |     4|
|2     |IBUF |     3|
|3     |OBUF |     4|
+------+-----+------+

Report Instance Areas: 
+------+---------+-------+------+
|      |Instance |Module |Cells |
+------+---------+-------+------+
|1     |top      |       |    11|
+------+---------+-------+------+
---------------------------------------------------------------------------------
Finished Writing Synthesis Report : Time (s): cpu = 00:00:15 ; elapsed = 00:00:45 . Memory (MB): peak = 1581.523 ; gain = 279.539 ; free physical = 3653 ; free virtual = 13048
---------------------------------------------------------------------------------
Synthesis finished with 0 errors, 0 critical warnings and 0 warnings.
Synthesis Optimization Runtime : Time (s): cpu = 00:00:15 ; elapsed = 00:00:45 . Memory (MB): peak = 1581.523 ; gain = 279.539 ; free physical = 3653 ; free virtual = 13049
Synthesis Optimization Complete : Time (s): cpu = 00:00:15 ; elapsed = 00:00:45 . Memory (MB): peak = 1581.527 ; gain = 279.539 ; free physical = 3657 ; free virtual = 13052
INFO: [Project 1-571] Translating synthesized netlist
INFO: [Netlist 29-17] Analyzing 3 Unisim elements for replacement
INFO: [Netlist 29-28] Unisim Transformation completed in 0 CPU seconds
INFO: [Project 1-570] Preparing netlist for logic optimization
INFO: [Opt 31-138] Pushed 0 inverter(s) to 0 load pin(s).
INFO: [Project 1-111] Unisim Transformation Summary:
No Unisim elements were transformed.

INFO: [Common 17-83] Releasing license: Synthesis
11 Infos, 0 Warnings, 0 Critical Warnings and 0 Errors encountered.
synth_design completed successfully
synth_design: Time (s): cpu = 00:00:17 ; elapsed = 00:00:47 . Memory (MB): peak = 1719.562 ; gain = 430.098 ; free physical = 3620 ; free virtual = 13016
INFO: [Common 17-1381] The checkpoint '/home/Xilinx/Vivado/2018.1/bin/2_to_4_Decoder/2_to_4_Decoder.runs/synth_1/TwoFourDecoder.dcp' has been generated.
INFO: [runtcl-4] Executing : report_utilization -file TwoFourDecoder_utilization_synth.rpt -pb TwoFourDecoder_utilization_synth.pb
report_utilization: Time (s): cpu = 00:00:00.03 ; elapsed = 00:00:00.05 . Memory (MB): peak = 1749.582 ; gain = 0.000 ; free physical = 3622 ; free virtual = 13017
INFO: [Common 17-206] Exiting Vivado at Thu Feb  4 14:28:38 2021...
